<?xml version="1.0" encoding="UTF-8"?>
<!-- Generated by org.testng.reporters.JUnitReportReporter -->
<testsuite skipped="0" hostname="Admin-PC" name="com.qa.rest.TestCases.CreateCustomerPostCall" tests="1" failures="0" timestamp="07 Sep 2019 16:53:31 GMT" time="2.928" errors="0">
  <testcase name="createCustomerTest" time="2.928" classname="com.qa.rest.TestCases.CreateCustomerPostCall"/>
</testsuite> <!-- com.qa.rest.TestCases.CreateCustomerPostCall -->
