<?xml version="1.0" encoding="UTF-8"?>
<!-- Generated by org.testng.reporters.JUnitReportReporter -->
<testsuite skipped="0" hostname="Admin-PC" name="com.qa.rest.TestCases.CreateCustomerPostCallTest" tests="1" failures="0" timestamp="07 Sep 2019 17:13:10 GMT" time="3.150" errors="0">
  <testcase name="createCustomerTest" time="3.150" classname="com.qa.rest.TestCases.CreateCustomerPostCallTest"/>
</testsuite> <!-- com.qa.rest.TestCases.CreateCustomerPostCallTest -->
