<?xml version="1.0" encoding="UTF-8"?>
<!-- Generated by org.testng.reporters.JUnitReportReporter -->
<testsuite skipped="0" hostname="Admin-PC" name="com.qa.rest.TestCases.DeleteCallTest" tests="2" failures="0" timestamp="03 Oct 2019 17:14:16 GMT" time="0.006" errors="0">
  <testcase name="validateStatusCode" time="0.002" classname="com.qa.rest.TestCases.DeleteCallTest"/>
  <testcase name="printHeaders" time="0.004" classname="com.qa.rest.TestCases.DeleteCallTest"/>
</testsuite> <!-- com.qa.rest.TestCases.DeleteCallTest -->
