<?xml version="1.0" encoding="UTF-8"?>
<!-- Generated by org.testng.reporters.JUnitReportReporter -->
<testsuite skipped="0" hostname="Admin-PC" name="com.qa.rest.AuthTestCases.BasicAuthTest" tests="1" failures="0" timestamp="10 Sep 2019 16:12:10 GMT" time="4.250" errors="0">
  <testcase name="basicAuth" time="4.250" classname="com.qa.rest.AuthTestCases.BasicAuthTest"/>
</testsuite> <!-- com.qa.rest.AuthTestCases.BasicAuthTest -->
