<?xml version="1.0" encoding="UTF-8"?>
<!-- Generated by org.testng.reporters.JUnitReportReporter -->
<testsuite skipped="0" hostname="Admin-PC" name="com.qa.rest.AuthTestCases.BasicAuthenticationTest" tests="5" failures="0" timestamp="08 Nov 2019 15:39:13 GMT" time="0.813" errors="0">
  <testcase name="validateResponseBody" time="0.078" classname="com.qa.rest.AuthTestCases.BasicAuthenticationTest"/>
  <testcase name="validateStatusCode" time="0.003" classname="com.qa.rest.AuthTestCases.BasicAuthenticationTest"/>
  <testcase name="printStatusLine" time="0.002" classname="com.qa.rest.AuthTestCases.BasicAuthenticationTest"/>
  <testcase name="printHeaders" time="0.005" classname="com.qa.rest.AuthTestCases.BasicAuthenticationTest"/>
  <testcase name="validateResponseBodyValues" time="0.725" classname="com.qa.rest.AuthTestCases.BasicAuthenticationTest"/>
</testsuite> <!-- com.qa.rest.AuthTestCases.BasicAuthenticationTest -->
