<?xml version="1.0" encoding="UTF-8"?>
<!-- Generated by org.testng.reporters.JUnitReportReporter -->
<testsuite skipped="0" hostname="Admin-PC" name="com.qa.rest.TestCases.PutCallTest" tests="4" failures="0" timestamp="03 Oct 2019 17:14:16 GMT" time="0.009" errors="0">
  <testcase name="validateResponseBody" time="0.005" classname="com.qa.rest.TestCases.PutCallTest"/>
  <testcase name="validateStatusCode" time="0.001" classname="com.qa.rest.TestCases.PutCallTest"/>
  <testcase name="printStatusLine" time="0.001" classname="com.qa.rest.TestCases.PutCallTest"/>
  <testcase name="printHeaders" time="0.002" classname="com.qa.rest.TestCases.PutCallTest"/>
</testsuite> <!-- com.qa.rest.TestCases.PutCallTest -->
