<?xml version="1.0" encoding="UTF-8"?>
<!-- Generated by org.testng.reporters.JUnitReportReporter -->
<testsuite skipped="0" hostname="Admin-PC" name="com.qa.rest.TestCases.CustomerPostCallWithJavaObjects" tests="4" failures="0" timestamp="14 Sep 2019 19:50:24 GMT" time="0.125" errors="0">
  <testcase name="printResponseBody" time="0.000" classname="com.qa.rest.TestCases.CustomerPostCallWithJavaObjects"/>
  <testcase name="printStatusCode" time="0.000" classname="com.qa.rest.TestCases.CustomerPostCallWithJavaObjects"/>
  <testcase name="printStatusLine" time="0.000" classname="com.qa.rest.TestCases.CustomerPostCallWithJavaObjects"/>
  <testcase name="validateResponseBody" time="0.125" classname="com.qa.rest.TestCases.CustomerPostCallWithJavaObjects"/>
</testsuite> <!-- com.qa.rest.TestCases.CustomerPostCallWithJavaObjects -->
