<?xml version="1.0" encoding="UTF-8"?>
<!-- Generated by org.testng.reporters.JUnitReportReporter -->
<testsuite skipped="0" hostname="Admin-PC" name="com.qa.rest.TestCases.CustomerPostCallJavaObjectsTest" tests="4" failures="0" timestamp="03 Oct 2019 17:14:16 GMT" time="0.181" errors="0">
  <testcase name="printResponseBody" time="0.005" classname="com.qa.rest.TestCases.CustomerPostCallJavaObjectsTest"/>
  <testcase name="printStatusCode" time="0.001" classname="com.qa.rest.TestCases.CustomerPostCallJavaObjectsTest"/>
  <testcase name="printStatusLine" time="0.001" classname="com.qa.rest.TestCases.CustomerPostCallJavaObjectsTest"/>
  <testcase name="validateResponseBody" time="0.174" classname="com.qa.rest.TestCases.CustomerPostCallJavaObjectsTest"/>
</testsuite> <!-- com.qa.rest.TestCases.CustomerPostCallJavaObjectsTest -->
